Release 14.7 Map P.20131013 (lin64)
Xilinx Mapping Report File for Design 'clbv2_wr_ref_top'

Design Information
------------------
Command Line   : map -intstyle ise -p xc7k160t-fbg676-1 -w -logic_opt off -ol
high -t 1 -xt 0 -register_duplication off -r 4 -mt off -ir off -pr off -lc off
-power off -o clbv2_wr_ref_top_map.ncd clbv2_wr_ref_top.ngd clbv2_wr_ref_top.pcf
 
Target Device  : xc7k160t
Target Package : fbg676
Target Speed   : -1
Mapper Version : kintex7 -- $Revision: 1.55 $
Mapped Date    : Thu Mar 14 15:13:48 2019

Design Summary
--------------
Number of errors:      0
Number of warnings:    1
Slice Logic Utilization:
  Number of Slice Registers:                 5,665 out of 202,800    2%
    Number used as Flip Flops:               5,664
    Number used as Latches:                      0
    Number used as Latch-thrus:                  0
    Number used as AND/OR logics:                1
  Number of Slice LUTs:                      6,257 out of 101,400    6%
    Number used as logic:                    6,034 out of 101,400    5%
      Number using O6 output only:           4,229
      Number using O5 output only:             595
      Number using O5 and O6:                1,210
      Number used as ROM:                        0
    Number used as Memory:                      60 out of  35,000    1%
      Number used as Dual Port RAM:              0
      Number used as Single Port RAM:            0
      Number used as Shift Register:            60
        Number using O6 output only:            60
        Number using O5 output only:             0
        Number using O5 and O6:                  0
    Number used exclusively as route-thrus:    163
      Number with same-slice register load:    125
      Number with same-slice carry load:        38
      Number with other load:                    0

Slice Logic Distribution:
  Number of occupied Slices:                 2,437 out of  25,350    9%
  Number of LUT Flip Flop pairs used:        7,552
    Number with an unused Flip Flop:         2,280 out of   7,552   30%
    Number with an unused LUT:               1,295 out of   7,552   17%
    Number of fully used LUT-FF pairs:       3,977 out of   7,552   52%
    Number of unique control sets:             278
    Number of slice register sites lost
      to control set restrictions:             820 out of 202,800    1%

  A LUT Flip Flop pair for this architecture represents one LUT paired with
  one Flip Flop within a slice.  A control set is a unique combination of
  clock, reset, set, and enable signals for a registered element.
  The Slice Logic Distribution report is not meaningful if the design is
  over-mapped for a non-slice resource or if Placement fails.
  OVERMAPPING of BRAM resources should be ignored if the design is
  over-mapped for a non-BRAM resource or if placement fails.

IO Utilization:
  Number of bonded IOBs:                        31 out of     400    7%
    Number of LOCed IOBs:                       31 out of      31  100%
    Number of bonded IPADs:                      4
      Number of LOCed IPADs:                     4 out of       4  100%
    Number of bonded OPADs:                      2
      Number of LOCed OPADs:                     2 out of       2  100%

Specific Feature Utilization:
  Number of RAMB36E1/FIFO36E1s:                 40 out of     325   12%
    Number using RAMB36E1 only:                 40
    Number using FIFO36E1 only:                  0
  Number of RAMB18E1/FIFO18E1s:                  8 out of     650    1%
    Number using RAMB18E1 only:                  8
    Number using FIFO18E1 only:                  0
  Number of BUFG/BUFGCTRLs:                      9 out of      32   28%
    Number used as BUFGs:                        9
    Number used as BUFGCTRLs:                    0
  Number of IDELAYE2/IDELAYE2_FINEDELAYs:        0 out of     400    0%
  Number of ILOGICE2/ILOGICE3/ISERDESE2s:        0 out of     400    0%
  Number of ODELAYE2/ODELAYE2_FINEDELAYs:        0 out of     150    0%
  Number of OLOGICE2/OLOGICE3/OSERDESE2s:        0 out of     400    0%
  Number of PHASER_IN/PHASER_IN_PHYs:            0 out of      32    0%
  Number of PHASER_OUT/PHASER_OUT_PHYs:          0 out of      32    0%
  Number of BSCANs:                              0 out of       4    0%
  Number of BUFHCEs:                             0 out of     120    0%
  Number of BUFRs:                               0 out of      32    0%
  Number of CAPTUREs:                            0 out of       1    0%
  Number of DNA_PORTs:                           0 out of       1    0%
  Number of DSP48E1s:                            3 out of     600    1%
  Number of EFUSE_USRs:                          0 out of       1    0%
  Number of FRAME_ECCs:                          0 out of       1    0%
  Number of GTXE2_CHANNELs:                      1 out of       8   12%
  Number of GTXE2_COMMONs:                       0 out of       2    0%
  Number of IBUFDS_GTE2s:                        1 out of       4   25%
  Number of ICAPs:                               0 out of       2    0%
  Number of IDELAYCTRLs:                         0 out of       8    0%
  Number of IN_FIFOs:                            0 out of      32    0%
  Number of MMCME2_ADVs:                         4 out of       8   50%
  Number of OUT_FIFOs:                           0 out of      32    0%
  Number of PCIE_2_1s:                           0 out of       1    0%
  Number of PHASER_REFs:                         0 out of       8    0%
  Number of PHY_CONTROLs:                        0 out of       8    0%
  Number of PLLE2_ADVs:                          0 out of       8    0%
  Number of STARTUPs:                            1 out of       1  100%
  Number of XADCs:                               0 out of       1    0%

Average Fanout of Non-Clock Nets:                4.10

Peak Memory Usage:  1570 MB
Total REAL time to MAP completion:  2 mins 9 secs 
Total CPU time to MAP completion:   2 mins 4 secs 

Table of Contents
-----------------
Section 1 - Errors
Section 2 - Warnings
Section 3 - Informational
Section 4 - Removed Logic Summary
Section 5 - Removed Logic
Section 6 - IOB Properties
Section 7 - RPMs
Section 8 - Guide Report
Section 9 - Area Group and Partition Summary
Section 10 - Timing Report
Section 11 - Configuration String Information
Section 12 - Control Set Information
Section 13 - Utilization by Hierarchy

Section 1 - Errors
------------------

Section 2 - Warnings
--------------------
WARNING:LIT:701 - PAD symbol "sfp_rxp_i" has an undefined IOSTANDARD.

Section 3 - Informational
-------------------------
INFO:LIT:243 - Logical network
   cmp_xwrc_board_clbv2/cmp_board_common/cmp_xwr_core/WRPC/U_sync_reset_dmtd/syn
   c2 has no load.
INFO:LIT:395 - The above info message is repeated 33 more times for the
   following (max. 5 shown):
   cmp_xwrc_board_clbv2/cmp_board_common/cmp_xwr_core/WRPC/U_Sync_reset_refclk/s
   ync2,
   cmp_xwrc_board_clbv2/cmp_board_common/cmp_xwr_core/WRPC/U_sync_reset_ext/sync
   2,
   cmp_xwrc_board_clbv2/cmp_board_common/cmp_xwr_core/WRPC/U_sync_reset_rxclk/sy
   nc2,
   cmp_xwrc_board_clbv2/cmp_board_common/cmp_xwr_core/WRPC/U_sync_reset_txclk/sy
   nc2,
   cmp_xwrc_board_clbv2/cmp_board_common/cmp_xwr_core/WRPC/U_Endpoint/U_Wrapped_
   Endpoint/U_PCS_1000BASEX/U_sync_tx_underrun/sync2
   To see the details of these info messages, please use the -detail switch.
INFO:LIT:244 - All of the single ended outputs in this design are using slew
   rate limited output drivers. The delay on speed critical single ended outputs
   can be dramatically reduced by designating them as fast outputs.
INFO:Pack:1716 - Initializing temperature to 85.000 Celsius. (default - Range:
   0.000 to 85.000 Celsius)
INFO:Pack:1720 - Initializing voltage to 0.970 Volts. (default - Range: 0.970 to
   1.030 Volts)
INFO:Timing:3386 - Intersecting Constraints found and resolved.  For more information, see the TSI report.  Please consult the Xilinx
   Command Line Tools User Guide for information on generating a TSI report.
INFO:Map:215 - The Interim Design Summary has been generated in the MAP Report
   (.mrp).
INFO:Pack:1650 - Map created a placed design.

Section 4 - Removed Logic Summary
---------------------------------
 127 block(s) removed
   2 block(s) optimized away
 127 signal(s) removed

Section 5 - Removed Logic
-------------------------

The trimmed logic report below shows the logic removed from your design due to
sourceless or loadless signals, and VCC or ground connections.  If the removal
of a signal or symbol results in the subsequent removal of an additional signal
or symbol, the message explaining that second removal will be indented.  This
indentation will be repeated as a chain of related logic is removed.

To quickly locate the original cause for the removal of a chain of logic, look
above the place where that logic is listed in the trimming report, then locate
the lines that are least indented (begin at the leftmost edge).

The signal
"cmp_xwrc_board_clbv2/cmp_board_common/cmp_xwr_core/WRPC/U_sync_reset_dmtd/sync2
" is loadless and has been removed.
 Loadless block
"cmp_xwrc_board_clbv2/cmp_board_common/cmp_xwr_core/WRPC/U_sync_reset_dmtd/sync2
" (FF) removed.
The signal
"cmp_xwrc_board_clbv2/cmp_board_common/cmp_xwr_core/WRPC/U_Sync_reset_refclk/syn
c2" is loadless and has been removed.
 Loadless block
"cmp_xwrc_board_clbv2/cmp_board_common/cmp_xwr_core/WRPC/U_Sync_reset_refclk/syn
c2" (FF) removed.
The signal
"cmp_xwrc_board_clbv2/cmp_board_common/cmp_xwr_core/WRPC/U_sync_reset_ext/sync2"
is loadless and has been removed.
 Loadless block
"cmp_xwrc_board_clbv2/cmp_board_common/cmp_xwr_core/WRPC/U_sync_reset_ext/sync2"
(FF) removed.
The signal
"cmp_xwrc_board_clbv2/cmp_board_common/cmp_xwr_core/WRPC/U_sync_reset_rxclk/sync
2" is loadless and has been removed.
 Loadless block
"cmp_xwrc_board_clbv2/cmp_board_common/cmp_xwr_core/WRPC/U_sync_reset_rxclk/sync
2" (FF) removed.
The signal
"cmp_xwrc_board_clbv2/cmp_board_common/cmp_xwr_core/WRPC/U_sync_reset_txclk/sync
2" is loadless and has been removed.
 Loadless block
"cmp_xwrc_board_clbv2/cmp_board_common/cmp_xwr_core/WRPC/U_sync_reset_txclk/sync
2" (FF) removed.
The signal
"cmp_xwrc_board_clbv2/cmp_board_common/cmp_xwr_core/WRPC/U_Endpoint/U_Wrapped_En
dpoint/U_PCS_1000BASEX/U_sync_tx_underrun/sync2" is loadless and has been
removed.
 Loadless block
"cmp_xwrc_board_clbv2/cmp_board_common/cmp_xwr_core/WRPC/U_Endpoint/U_Wrapped_En
dpoint/U_PCS_1000BASEX/U_sync_tx_underrun/sync2" (FF) removed.
  The signal
"cmp_xwrc_board_clbv2/cmp_board_common/cmp_xwr_core/WRPC/U_Endpoint/U_Wrapped_En
dpoint/U_PCS_1000BASEX/U_sync_tx_underrun/sync1" is loadless and has been
removed.
   Loadless block
"cmp_xwrc_board_clbv2/cmp_board_common/cmp_xwr_core/WRPC/U_Endpoint/U_Wrapped_En
dpoint/U_PCS_1000BASEX/U_sync_tx_underrun/sync1" (FF) removed.
    The signal
"cmp_xwrc_board_clbv2/cmp_board_common/cmp_xwr_core/WRPC/U_Endpoint/U_Wrapped_En
dpoint/U_PCS_1000BASEX/U_sync_tx_underrun/sync0" is loadless and has been
removed.
     Loadless block
"cmp_xwrc_board_clbv2/cmp_board_common/cmp_xwr_core/WRPC/U_Endpoint/U_Wrapped_En
dpoint/U_PCS_1000BASEX/U_sync_tx_underrun/sync0" (FF) removed.
      The signal
"cmp_xwrc_board_clbv2/cmp_board_common/cmp_xwr_core/WRPC/U_Endpoint/U_Wrapped_En
dpoint/U_PCS_1000BASEX/U_sync_tx_underrun/data_i" is loadless and has been
removed.
       Loadless block
"cmp_xwrc_board_clbv2/cmp_board_common/cmp_xwr_core/WRPC/U_Endpoint/U_Wrapped_En
dpoint/U_PCS_1000BASEX/gen_16bit.U_TX_PCS/rmon_tx_underrun" (SFF) removed.
The signal
"cmp_xwrc_board_clbv2/cmp_board_common/cmp_xwr_core/WRPC/U_Endpoint/U_Wrapped_En
dpoint/U_PCS_1000BASEX/U_sync_rx_overrun/sync2" is loadless and has been
removed.
 Loadless block
"cmp_xwrc_board_clbv2/cmp_board_common/cmp_xwr_core/WRPC/U_Endpoint/U_Wrapped_En
dpoint/U_PCS_1000BASEX/U_sync_rx_overrun/sync2" (FF) removed.
  The signal
"cmp_xwrc_board_clbv2/cmp_board_common/cmp_xwr_core/WRPC/U_Endpoint/U_Wrapped_En
dpoint/U_PCS_1000BASEX/U_sync_rx_overrun/sync1" is loadless and has been
removed.
   Loadless block
"cmp_xwrc_board_clbv2/cmp_board_common/cmp_xwr_core/WRPC/U_Endpoint/U_Wrapped_En
dpoint/U_PCS_1000BASEX/U_sync_rx_overrun/sync1" (FF) removed.
    The signal
"cmp_xwrc_board_clbv2/cmp_board_common/cmp_xwr_core/WRPC/U_Endpoint/U_Wrapped_En
dpoint/U_PCS_1000BASEX/U_sync_rx_overrun/sync0" is loadless and has been
removed.
     Loadless block
"cmp_xwrc_board_clbv2/cmp_board_common/cmp_xwr_core/WRPC/U_Endpoint/U_Wrapped_En
dpoint/U_PCS_1000BASEX/U_sync_rx_overrun/sync0" (FF) removed.
      The signal
"cmp_xwrc_board_clbv2/cmp_board_common/cmp_xwr_core/WRPC/U_Endpoint/U_Wrapped_En
dpoint/U_PCS_1000BASEX/U_sync_rx_overrun/data_i" is loadless and has been
removed.
       Loadless block
"cmp_xwrc_board_clbv2/cmp_board_common/cmp_xwr_core/WRPC/U_Endpoint/U_Wrapped_En
dpoint/U_PCS_1000BASEX/gen_16bit.U_RX_PCS/U_ext_rmon_2/extended_o1" (ROM)
removed.
        The signal
"cmp_xwrc_board_clbv2/cmp_board_common/cmp_xwr_core/WRPC/U_Endpoint/U_Wrapped_En
dpoint/U_PCS_1000BASEX/gen_16bit.U_RX_PCS/rmon_rx_overrun_p_int" is loadless and
has been removed.
         Loadless block
"cmp_xwrc_board_clbv2/cmp_board_common/cmp_xwr_core/WRPC/U_Endpoint/U_Wrapped_En
dpoint/U_PCS_1000BASEX/gen_16bit.U_RX_PCS/rmon_rx_overrun_p_int" (SFF) removed.
          The signal
"cmp_xwrc_board_clbv2/cmp_board_common/cmp_xwr_core/WRPC/U_Endpoint/U_Wrapped_En
dpoint/U_PCS_1000BASEX/gen_16bit.U_RX_PCS/rmon_rx_overrun_p_int_rstpot" is
loadless and has been removed.
           Loadless block
"cmp_xwrc_board_clbv2/cmp_board_common/cmp_xwr_core/WRPC/U_Endpoint/U_Wrapped_En
dpoint/U_PCS_1000BASEX/gen_16bit.U_RX_PCS/rmon_rx_overrun_p_int_rstpot" (ROM)
removed.
            The signal "N857" is loadless and has been removed.
             Loadless block
"cmp_xwrc_board_clbv2/cmp_board_common/cmp_xwr_core/WRPC/U_Endpoint/U_Wrapped_En
dpoint/U_PCS_1000BASEX/gen_16bit.U_RX_PCS/rmon_rx_overrun_p_int_rstpot_SW0"
(ROM) removed.
        The signal
"cmp_xwrc_board_clbv2/cmp_board_common/cmp_xwr_core/WRPC/U_Endpoint/U_Wrapped_En
dpoint/U_PCS_1000BASEX/gen_16bit.U_RX_PCS/U_ext_rmon_2/extended_int" is loadless
and has been removed.
         Loadless block
"cmp_xwrc_board_clbv2/cmp_board_common/cmp_xwr_core/WRPC/U_Endpoint/U_Wrapped_En
dpoint/U_PCS_1000BASEX/gen_16bit.U_RX_PCS/U_ext_rmon_2/extended_int" (FF)
removed.
          The signal
"cmp_xwrc_board_clbv2/cmp_board_common/cmp_xwr_core/WRPC/U_Endpoint/U_Wrapped_En
dpoint/U_PCS_1000BASEX/gen_16bit.U_RX_PCS/U_ext_rmon_2/extended_int_rstpot" is
loadless and has been removed.
           Loadless block
"cmp_xwrc_board_clbv2/cmp_board_common/cmp_xwr_core/WRPC/U_Endpoint/U_Wrapped_En
dpoint/U_PCS_1000BASEX/gen_16bit.U_RX_PCS/U_ext_rmon_2/extended_int_rstpot"
(ROM) removed.
            The signal
"cmp_xwrc_board_clbv2/cmp_board_common/cmp_xwr_core/WRPC/U_Endpoint/U_Wrapped_En
dpoint/U_PCS_1000BASEX/gen_16bit.U_RX_PCS/U_ext_rmon_2/cntr<0>" is loadless and
has been removed.
             Loadless block
"cmp_xwrc_board_clbv2/cmp_board_common/cmp_xwr_core/WRPC/U_Endpoint/U_Wrapped_En
dpoint/U_PCS_1000BASEX/gen_16bit.U_RX_PCS/U_ext_rmon_2/cntr_0" (FF) removed.
The signal
"cmp_xwrc_board_clbv2/cmp_board_common/cmp_xwr_core/WRPC/U_Endpoint/U_Wrapped_En
dpoint/U_PCS_1000BASEX/U_sync_rx_inv_code/sync2" is loadless and has been
removed.
 Loadless block
"cmp_xwrc_board_clbv2/cmp_board_common/cmp_xwr_core/WRPC/U_Endpoint/U_Wrapped_En
dpoint/U_PCS_1000BASEX/U_sync_rx_inv_code/sync2" (FF) removed.
  The signal
"cmp_xwrc_board_clbv2/cmp_board_common/cmp_xwr_core/WRPC/U_Endpoint/U_Wrapped_En
dpoint/U_PCS_1000BASEX/U_sync_rx_inv_code/sync1" is loadless and has been
removed.
   Loadless block
"cmp_xwrc_board_clbv2/cmp_board_common/cmp_xwr_core/WRPC/U_Endpoint/U_Wrapped_En
dpoint/U_PCS_1000BASEX/U_sync_rx_inv_code/sync1" (FF) removed.
    The signal
"cmp_xwrc_board_clbv2/cmp_board_common/cmp_xwr_core/WRPC/U_Endpoint/U_Wrapped_En
dpoint/U_PCS_1000BASEX/U_sync_rx_inv_code/sync0" is loadless and has been
removed.
     Loadless block
"cmp_xwrc_board_clbv2/cmp_board_common/cmp_xwr_core/WRPC/U_Endpoint/U_Wrapped_En
dpoint/U_PCS_1000BASEX/U_sync_rx_inv_code/sync0" (FF) removed.
      The signal
"cmp_xwrc_board_clbv2/cmp_board_common/cmp_xwr_core/WRPC/U_Endpoint/U_Wrapped_En
dpoint/U_PCS_1000BASEX/U_sync_rx_inv_code/data_i" is loadless and has been
removed.
       Loadless block
"cmp_xwrc_board_clbv2/cmp_board_common/cmp_xwr_core/WRPC/U_Endpoint/U_Wrapped_En
dpoint/U_PCS_1000BASEX/gen_16bit.U_RX_PCS/U_ext_rmon_1/extended_o1" (ROM)
removed.
        The signal
"cmp_xwrc_board_clbv2/cmp_board_common/cmp_xwr_core/WRPC/U_Endpoint/U_Wrapped_En
dpoint/U_PCS_1000BASEX/gen_16bit.U_RX_PCS/rmon_invalid_code_p_int" is loadless
and has been removed.
         Loadless block
"cmp_xwrc_board_clbv2/cmp_board_common/cmp_xwr_core/WRPC/U_Endpoint/U_Wrapped_En
dpoint/U_PCS_1000BASEX/gen_16bit.U_RX_PCS/rmon_invalid_code_p_int" (SFF)
removed.
          The signal
"cmp_xwrc_board_clbv2/cmp_board_common/cmp_xwr_core/WRPC/U_Endpoint/U_Wrapped_En
dpoint/U_PCS_1000BASEX/gen_16bit.U_RX_PCS/rx_state[2]_X_66_o_Mux_106_o" is
loadless and has been removed.
           Loadless block
"cmp_xwrc_board_clbv2/cmp_board_common/cmp_xwr_core/WRPC/U_Endpoint/U_Wrapped_En
dpoint/U_PCS_1000BASEX/gen_16bit.U_RX_PCS/Mmux_rx_state[2]_X_66_o_Mux_106_o25"
(ROM) removed.
            The signal
"cmp_xwrc_board_clbv2/cmp_board_common/cmp_xwr_core/WRPC/U_Endpoint/U_Wrapped_En
dpoint/U_PCS_1000BASEX/gen_16bit.U_RX_PCS/Mmux_rx_state[2]_X_66_o_Mux_106_o23"
is loadless and has been removed.
             Loadless block
"cmp_xwrc_board_clbv2/cmp_board_common/cmp_xwr_core/WRPC/U_Endpoint/U_Wrapped_En
dpoint/U_PCS_1000BASEX/gen_16bit.U_RX_PCS/Mmux_rx_state[2]_X_66_o_Mux_106_o24"
(ROM) removed.
              The signal
"cmp_xwrc_board_clbv2/cmp_board_common/cmp_xwr_core/WRPC/U_Endpoint/U_Wrapped_En
dpoint/U_PCS_1000BASEX/gen_16bit.U_RX_PCS/Mmux_rx_state[2]_X_66_o_Mux_106_o21"
is loadless and has been removed.
               Loadless block
"cmp_xwrc_board_clbv2/cmp_board_common/cmp_xwr_core/WRPC/U_Endpoint/U_Wrapped_En
dpoint/U_PCS_1000BASEX/gen_16bit.U_RX_PCS/Mmux_rx_state[2]_X_66_o_Mux_106_o22"
(ROM) removed.
              The signal
"cmp_xwrc_board_clbv2/cmp_board_common/cmp_xwr_core/WRPC/U_Endpoint/U_Wrapped_En
dpoint/U_PCS_1000BASEX/gen_16bit.U_RX_PCS/Mmux_rx_state[2]_X_66_o_Mux_106_o22"
is loadless and has been removed.
               Loadless block
"cmp_xwrc_board_clbv2/cmp_board_common/cmp_xwr_core/WRPC/U_Endpoint/U_Wrapped_En
dpoint/U_PCS_1000BASEX/gen_16bit.U_RX_PCS/Mmux_rx_state[2]_X_66_o_Mux_106_o23"
(ROM) removed.
              The signal
"cmp_xwrc_board_clbv2/cmp_board_common/cmp_xwr_core/WRPC/U_Endpoint/U_Wrapped_En
dpoint/U_PCS_1000BASEX/gen_16bit.U_RX_PCS/Mmux_rx_state[2]_X_66_o_Mux_106_o2" is
loadless and has been removed.
               Loadless block
"cmp_xwrc_board_clbv2/cmp_board_common/cmp_xwr_core/WRPC/U_Endpoint/U_Wrapped_En
dpoint/U_PCS_1000BASEX/gen_16bit.U_RX_PCS/Mmux_rx_state[2]_X_66_o_Mux_106_o21"
(ROM) removed.
        The signal
"cmp_xwrc_board_clbv2/cmp_board_common/cmp_xwr_core/WRPC/U_Endpoint/U_Wrapped_En
dpoint/U_PCS_1000BASEX/gen_16bit.U_RX_PCS/U_ext_rmon_1/extended_int" is loadless
and has been removed.
         Loadless block
"cmp_xwrc_board_clbv2/cmp_board_common/cmp_xwr_core/WRPC/U_Endpoint/U_Wrapped_En
dpoint/U_PCS_1000BASEX/gen_16bit.U_RX_PCS/U_ext_rmon_1/extended_int" (FF)
removed.
          The signal
"cmp_xwrc_board_clbv2/cmp_board_common/cmp_xwr_core/WRPC/U_Endpoint/U_Wrapped_En
dpoint/U_PCS_1000BASEX/gen_16bit.U_RX_PCS/U_ext_rmon_1/extended_int_rstpot" is
loadless and has been removed.
           Loadless block
"cmp_xwrc_board_clbv2/cmp_board_common/cmp_xwr_core/WRPC/U_Endpoint/U_Wrapped_En
dpoint/U_PCS_1000BASEX/gen_16bit.U_RX_PCS/U_ext_rmon_1/extended_int_rstpot"
(ROM) removed.
            The signal
"cmp_xwrc_board_clbv2/cmp_board_common/cmp_xwr_core/WRPC/U_Endpoint/U_Wrapped_En
dpoint/U_PCS_1000BASEX/gen_16bit.U_RX_PCS/U_ext_rmon_1/cntr<0>" is loadless and
has been removed.
             Loadless block
"cmp_xwrc_board_clbv2/cmp_board_common/cmp_xwr_core/WRPC/U_Endpoint/U_Wrapped_En
dpoint/U_PCS_1000BASEX/gen_16bit.U_RX_PCS/U_ext_rmon_1/cntr_0" (FF) removed.
The signal
"cmp_xwrc_board_clbv2/cmp_board_common/cmp_xwr_core/WRPC/U_Endpoint/U_Wrapped_En
dpoint/U_PCS_1000BASEX/U_sync_rx_sync_lost/sync2" is loadless and has been
removed.
 Loadless block
"cmp_xwrc_board_clbv2/cmp_board_common/cmp_xwr_core/WRPC/U_Endpoint/U_Wrapped_En
dpoint/U_PCS_1000BASEX/U_sync_rx_sync_lost/sync2" (FF) removed.
  The signal
"cmp_xwrc_board_clbv2/cmp_board_common/cmp_xwr_core/WRPC/U_Endpoint/U_Wrapped_En
dpoint/U_PCS_1000BASEX/U_sync_rx_sync_lost/sync1" is loadless and has been
removed.
   Loadless block
"cmp_xwrc_board_clbv2/cmp_board_common/cmp_xwr_core/WRPC/U_Endpoint/U_Wrapped_En
dpoint/U_PCS_1000BASEX/U_sync_rx_sync_lost/sync1" (FF) removed.
    The signal
"cmp_xwrc_board_clbv2/cmp_board_common/cmp_xwr_core/WRPC/U_Endpoint/U_Wrapped_En
dpoint/U_PCS_1000BASEX/U_sync_rx_sync_lost/sync0" is loadless and has been
removed.
     Loadless block
"cmp_xwrc_board_clbv2/cmp_board_common/cmp_xwr_core/WRPC/U_Endpoint/U_Wrapped_En
dpoint/U_PCS_1000BASEX/U_sync_rx_sync_lost/sync0" (FF) removed.
      The signal
"cmp_xwrc_board_clbv2/cmp_board_common/cmp_xwr_core/WRPC/U_Endpoint/U_Wrapped_En
dpoint/U_PCS_1000BASEX/U_sync_rx_sync_lost/data_i" is loadless and has been
removed.
       Loadless block
"cmp_xwrc_board_clbv2/cmp_board_common/cmp_xwr_core/WRPC/U_Endpoint/U_Wrapped_En
dpoint/U_PCS_1000BASEX/gen_16bit.U_RX_PCS/rmon_rx_sync_lost1" (ROM) removed.
The signal
"cmp_xwrc_board_clbv2/cmp_board_common/cmp_xwr_core/WRPC/U_Endpoint/U_Wrapped_En
dpoint/U_PCS_1000BASEX/gen_16bit.U_RX_PCS/U_sync_pcs_busy/sync2" is loadless and
has been removed.
 Loadless block
"cmp_xwrc_board_clbv2/cmp_board_common/cmp_xwr_core/WRPC/U_Endpoint/U_Wrapped_En
dpoint/U_PCS_1000BASEX/gen_16bit.U_RX_PCS/U_sync_pcs_busy/sync2" (FF) removed.
  The signal
"cmp_xwrc_board_clbv2/cmp_board_common/cmp_xwr_core/WRPC/U_Endpoint/U_Wrapped_En
dpoint/U_PCS_1000BASEX/gen_16bit.U_RX_PCS/U_sync_pcs_busy/sync1" is loadless and
has been removed.
   Loadless block
"cmp_xwrc_board_clbv2/cmp_board_common/cmp_xwr_core/WRPC/U_Endpoint/U_Wrapped_En
dpoint/U_PCS_1000BASEX/gen_16bit.U_RX_PCS/U_sync_pcs_busy/sync1" (FF) removed.
    The signal
"cmp_xwrc_board_clbv2/cmp_board_common/cmp_xwr_core/WRPC/U_Endpoint/U_Wrapped_En
dpoint/U_PCS_1000BASEX/gen_16bit.U_RX_PCS/U_sync_pcs_busy/sync0" is loadless and
has been removed.
     Loadless block
"cmp_xwrc_board_clbv2/cmp_board_common/cmp_xwr_core/WRPC/U_Endpoint/U_Wrapped_En
dpoint/U_PCS_1000BASEX/gen_16bit.U_RX_PCS/U_sync_pcs_busy/sync0" (FF) removed.
      The signal
"cmp_xwrc_board_clbv2/cmp_board_common/cmp_xwr_core/WRPC/U_Endpoint/U_Wrapped_En
dpoint/U_PCS_1000BASEX/gen_16bit.U_RX_PCS/U_sync_pcs_busy/data_i" is loadless
and has been removed.
       Loadless block
"cmp_xwrc_board_clbv2/cmp_board_common/cmp_xwr_core/WRPC/U_Endpoint/U_Wrapped_En
dpoint/U_PCS_1000BASEX/gen_16bit.U_RX_PCS/rx_busy" (SFF) removed.
        The signal
"cmp_xwrc_board_clbv2/cmp_board_common/cmp_xwr_core/WRPC/U_Endpoint/U_Wrapped_En
dpoint/U_PCS_1000BASEX/gen_16bit.U_RX_PCS/rx_busy_rstpot" is loadless and has
been removed.
         Loadless block
"cmp_xwrc_board_clbv2/cmp_board_common/cmp_xwr_core/WRPC/U_Endpoint/U_Wrapped_En
dpoint/U_PCS_1000BASEX/gen_16bit.U_RX_PCS/rx_busy_rstpot" (ROM) removed.
          The signal "N915" is loadless and has been removed.
           Loadless block
"cmp_xwrc_board_clbv2/cmp_board_common/cmp_xwr_core/WRPC/U_Endpoint/U_Wrapped_En
dpoint/U_PCS_1000BASEX/gen_16bit.U_RX_PCS/rx_busy_rstpot_SW0" (ROM) removed.
The signal
"cmp_xwrc_board_clbv2/cmp_board_common/cmp_xwr_core/WRPC/U_Endpoint/U_Wrapped_En
dpoint/U_PCS_1000BASEX/gen_16bit.U_RX_PCS/U_sync_an_rx_ready/sync2" is loadless
and has been removed.
 Loadless block
"cmp_xwrc_board_clbv2/cmp_board_common/cmp_xwr_core/WRPC/U_Endpoint/U_Wrapped_En
dpoint/U_PCS_1000BASEX/gen_16bit.U_RX_PCS/U_sync_an_rx_ready/sync2" (FF)
removed.
The signal
"cmp_xwrc_board_clbv2/cmp_board_common/cmp_xwr_core/WRPC/U_Endpoint/U_Wrapped_En
dpoint/U_PCS_1000BASEX/gen_16bit.U_RX_PCS/U_sync_an_idle_match/sync2" is
loadless and has been removed.
 Loadless block
"cmp_xwrc_board_clbv2/cmp_board_common/cmp_xwr_core/WRPC/U_Endpoint/U_Wrapped_En
dpoint/U_PCS_1000BASEX/gen_16bit.U_RX_PCS/U_sync_an_idle_match/sync2" (FF)
removed.
The signal
"cmp_xwrc_board_clbv2/cmp_board_common/cmp_xwr_core/WRPC/U_Endpoint/U_Wrapped_En
dpoint/U_PCS_1000BASEX/gen_16bit.U_RX_PCS/U_sync_an_rx_enable/sync2" is loadless
and has been removed.
 Loadless block
"cmp_xwrc_board_clbv2/cmp_board_common/cmp_xwr_core/WRPC/U_Endpoint/U_Wrapped_En
dpoint/U_PCS_1000BASEX/gen_16bit.U_RX_PCS/U_sync_an_rx_enable/sync2" (FF)
removed.
The signal
"cmp_xwrc_board_clbv2/cmp_board_common/cmp_xwr_core/WRPC/U_Endpoint/U_Wrapped_En
dpoint/U_PCS_1000BASEX/gen_16bit.U_RX_PCS/U_sync_mcr_reset/sync2" is loadless
and has been removed.
 Loadless block
"cmp_xwrc_board_clbv2/cmp_board_common/cmp_xwr_core/WRPC/U_Endpoint/U_Wrapped_En
dpoint/U_PCS_1000BASEX/gen_16bit.U_RX_PCS/U_sync_mcr_reset/sync2" (FF) removed.
The signal
"cmp_xwrc_board_clbv2/cmp_board_common/cmp_xwr_core/WRPC/U_Endpoint/U_Wrapped_En
dpoint/U_PCS_1000BASEX/gen_16bit.U_RX_PCS/U_sync_power_down/sync2" is loadless
and has been removed.
 Loadless block
"cmp_xwrc_board_clbv2/cmp_board_common/cmp_xwr_core/WRPC/U_Endpoint/U_Wrapped_En
dpoint/U_PCS_1000BASEX/gen_16bit.U_RX_PCS/U_sync_power_down/sync2" (FF) removed.
The signal
"cmp_xwrc_board_clbv2/cmp_board_common/cmp_xwr_core/WRPC/U_Endpoint/U_Wrapped_En
dpoint/U_PCS_1000BASEX/gen_16bit.U_TX_PCS/U_sync_pcs_busy_o/sync2" is loadless
and has been removed.
 Loadless block
"cmp_xwrc_board_clbv2/cmp_board_common/cmp_xwr_core/WRPC/U_Endpoint/U_Wrapped_En
dpoint/U_PCS_1000BASEX/gen_16bit.U_TX_PCS/U_sync_pcs_busy_o/sync2" (FF) removed.
The signal
"cmp_xwrc_board_clbv2/cmp_board_common/cmp_xwr_core/WRPC/U_Endpoint/U_Wrapped_En
dpoint/U_PCS_1000BASEX/gen_16bit.U_TX_PCS/U_sync_an_tx_en/sync2" is loadless and
has been removed.
 Loadless block
"cmp_xwrc_board_clbv2/cmp_board_common/cmp_xwr_core/WRPC/U_Endpoint/U_Wrapped_En
dpoint/U_PCS_1000BASEX/gen_16bit.U_TX_PCS/U_sync_an_tx_en/sync2" (FF) removed.
The signal
"cmp_xwrc_board_clbv2/cmp_board_common/cmp_xwr_core/WRPC/U_Endpoint/U_Wrapped_En
dpoint/U_PCS_1000BASEX/gen_16bit.U_TX_PCS/U_sync_mcr_reset/sync2" is loadless
and has been removed.
 Loadless block
"cmp_xwrc_board_clbv2/cmp_board_common/cmp_xwr_core/WRPC/U_Endpoint/U_Wrapped_En
dpoint/U_PCS_1000BASEX/gen_16bit.U_TX_PCS/U_sync_mcr_reset/sync2" (FF) removed.
The signal
"cmp_xwrc_board_clbv2/cmp_board_common/cmp_xwr_core/WRPC/U_Endpoint/U_Wrapped_En
dpoint/U_PCS_1000BASEX/gen_16bit.U_TX_PCS/U_sync_power_down/sync2" is loadless
and has been removed.
 Loadless block
"cmp_xwrc_board_clbv2/cmp_board_common/cmp_xwr_core/WRPC/U_Endpoint/U_Wrapped_En
dpoint/U_PCS_1000BASEX/gen_16bit.U_TX_PCS/U_sync_power_down/sync2" (FF) removed.
The signal
"cmp_xwrc_board_clbv2/cmp_board_common/cmp_xwr_core/WRPC/U_Endpoint/U_Wrapped_En
dpoint/U_PCS_1000BASEX/gen_16bit.U_TX_PCS/U_TX_FIFO/U_Inferred_FIFO/U_Sync_Empty
/sync2" is loadless and has been removed.
 Loadless block
"cmp_xwrc_board_clbv2/cmp_board_common/cmp_xwr_core/WRPC/U_Endpoint/U_Wrapped_En
dpoint/U_PCS_1000BASEX/gen_16bit.U_TX_PCS/U_TX_FIFO/U_Inferred_FIFO/U_Sync_Empty
/sync2" (FF) removed.
  The signal
"cmp_xwrc_board_clbv2/cmp_board_common/cmp_xwr_core/WRPC/U_Endpoint/U_Wrapped_En
dpoint/U_PCS_1000BASEX/gen_16bit.U_TX_PCS/U_TX_FIFO/U_Inferred_FIFO/U_Sync_Empty
/sync1" is loadless and has been removed.
   Loadless block
"cmp_xwrc_board_clbv2/cmp_board_common/cmp_xwr_core/WRPC/U_Endpoint/U_Wrapped_En
dpoint/U_PCS_1000BASEX/gen_16bit.U_TX_PCS/U_TX_FIFO/U_Inferred_FIFO/U_Sync_Empty
/sync1" (FF) removed.
    The signal
"cmp_xwrc_board_clbv2/cmp_board_common/cmp_xwr_core/WRPC/U_Endpoint/U_Wrapped_En
dpoint/U_PCS_1000BASEX/gen_16bit.U_TX_PCS/U_TX_FIFO/U_Inferred_FIFO/U_Sync_Empty
/sync0" is loadless and has been removed.
     Loadless block
"cmp_xwrc_board_clbv2/cmp_board_common/cmp_xwr_core/WRPC/U_Endpoint/U_Wrapped_En
dpoint/U_PCS_1000BASEX/gen_16bit.U_TX_PCS/U_TX_FIFO/U_Inferred_FIFO/U_Sync_Empty
/sync0" (FF) removed.
The signal
"cmp_xwrc_board_clbv2/cmp_board_common/cmp_xwr_core/WRPC/U_Endpoint/U_Wrapped_En
dpoint/U_PCS_1000BASEX/gen_16bit.U_TX_PCS/U_TX_FIFO/U_Inferred_FIFO/U_Sync_Full/
sync2" is loadless and has been removed.
 Loadless block
"cmp_xwrc_board_clbv2/cmp_board_common/cmp_xwr_core/WRPC/U_Endpoint/U_Wrapped_En
dpoint/U_PCS_1000BASEX/gen_16bit.U_TX_PCS/U_TX_FIFO/U_Inferred_FIFO/U_Sync_Full/
sync2" (FF) removed.
  The signal
"cmp_xwrc_board_clbv2/cmp_board_common/cmp_xwr_core/WRPC/U_Endpoint/U_Wrapped_En
dpoint/U_PCS_1000BASEX/gen_16bit.U_TX_PCS/U_TX_FIFO/U_Inferred_FIFO/U_Sync_Full/
sync1" is loadless and has been removed.
   Loadless block
"cmp_xwrc_board_clbv2/cmp_board_common/cmp_xwr_core/WRPC/U_Endpoint/U_Wrapped_En
dpoint/U_PCS_1000BASEX/gen_16bit.U_TX_PCS/U_TX_FIFO/U_Inferred_FIFO/U_Sync_Full/
sync1" (FF) removed.
    The signal
"cmp_xwrc_board_clbv2/cmp_board_common/cmp_xwr_core/WRPC/U_Endpoint/U_Wrapped_En
dpoint/U_PCS_1000BASEX/gen_16bit.U_TX_PCS/U_TX_FIFO/U_Inferred_FIFO/U_Sync_Full/
sync0" is loadless and has been removed.
     Loadless block
"cmp_xwrc_board_clbv2/cmp_board_common/cmp_xwr_core/WRPC/U_Endpoint/U_Wrapped_En
dpoint/U_PCS_1000BASEX/gen_16bit.U_TX_PCS/U_TX_FIFO/U_Inferred_FIFO/U_Sync_Full/
sync0" (FF) removed.
The signal
"cmp_xwrc_board_clbv2/cmp_board_common/cmp_xwr_core/WRPC/U_Endpoint/U_Wrapped_En
dpoint/U_PCS_1000BASEX/gen_16bit.U_TX_PCS/U_TX_FIFO/U_Inferred_FIFO/U_Sync_Almos
tFull/sync2" is loadless and has been removed.
 Loadless block
"cmp_xwrc_board_clbv2/cmp_board_common/cmp_xwr_core/WRPC/U_Endpoint/U_Wrapped_En
dpoint/U_PCS_1000BASEX/gen_16bit.U_TX_PCS/U_TX_FIFO/U_Inferred_FIFO/U_Sync_Almos
tFull/sync2" (FF) removed.
  The signal
"cmp_xwrc_board_clbv2/cmp_board_common/cmp_xwr_core/WRPC/U_Endpoint/U_Wrapped_En
dpoint/U_PCS_1000BASEX/gen_16bit.U_TX_PCS/U_TX_FIFO/U_Inferred_FIFO/U_Sync_Almos
tFull/sync1" is loadless and has been removed.
   Loadless block
"cmp_xwrc_board_clbv2/cmp_board_common/cmp_xwr_core/WRPC/U_Endpoint/U_Wrapped_En
dpoint/U_PCS_1000BASEX/gen_16bit.U_TX_PCS/U_TX_FIFO/U_Inferred_FIFO/U_Sync_Almos
tFull/sync1" (FF) removed.
    The signal
"cmp_xwrc_board_clbv2/cmp_board_common/cmp_xwr_core/WRPC/U_Endpoint/U_Wrapped_En
dpoint/U_PCS_1000BASEX/gen_16bit.U_TX_PCS/U_TX_FIFO/U_Inferred_FIFO/U_Sync_Almos
tFull/sync0" is loadless and has been removed.
     Loadless block
"cmp_xwrc_board_clbv2/cmp_board_common/cmp_xwr_core/WRPC/U_Endpoint/U_Wrapped_En
dpoint/U_PCS_1000BASEX/gen_16bit.U_TX_PCS/U_TX_FIFO/U_Inferred_FIFO/U_Sync_Almos
tFull/sync0" (FF) removed.
The signal
"cmp_xwrc_board_clbv2/cmp_board_common/cmp_xwr_core/WRPC/U_Endpoint/U_Wrapped_En
dpoint/U_PCS_1000BASEX/gen_16bit.U_TX_PCS/U_TX_FIFO/U_Inferred_FIFO/U_Sync_Almos
tEmpty/sync2" is loadless and has been removed.
 Loadless block
"cmp_xwrc_board_clbv2/cmp_board_common/cmp_xwr_core/WRPC/U_Endpoint/U_Wrapped_En
dpoint/U_PCS_1000BASEX/gen_16bit.U_TX_PCS/U_TX_FIFO/U_Inferred_FIFO/U_Sync_Almos
tEmpty/sync2" (FF) removed.
  The signal
"cmp_xwrc_board_clbv2/cmp_board_common/cmp_xwr_core/WRPC/U_Endpoint/U_Wrapped_En
dpoint/U_PCS_1000BASEX/gen_16bit.U_TX_PCS/U_TX_FIFO/U_Inferred_FIFO/U_Sync_Almos
tEmpty/sync1" is loadless and has been removed.
   Loadless block
"cmp_xwrc_board_clbv2/cmp_board_common/cmp_xwr_core/WRPC/U_Endpoint/U_Wrapped_En
dpoint/U_PCS_1000BASEX/gen_16bit.U_TX_PCS/U_TX_FIFO/U_Inferred_FIFO/U_Sync_Almos
tEmpty/sync1" (FF) removed.
    The signal
"cmp_xwrc_board_clbv2/cmp_board_common/cmp_xwr_core/WRPC/U_Endpoint/U_Wrapped_En
dpoint/U_PCS_1000BASEX/gen_16bit.U_TX_PCS/U_TX_FIFO/U_Inferred_FIFO/U_Sync_Almos
tEmpty/sync0" is loadless and has been removed.
     Loadless block
"cmp_xwrc_board_clbv2/cmp_board_common/cmp_xwr_core/WRPC/U_Endpoint/U_Wrapped_En
dpoint/U_PCS_1000BASEX/gen_16bit.U_TX_PCS/U_TX_FIFO/U_Inferred_FIFO/U_Sync_Almos
tEmpty/sync0" (FF) removed.
The signal
"cmp_xwrc_board_clbv2/cmp_board_common/cmp_xwr_core/WRPC/U_Endpoint/U_Wrapped_En
dpoint/rmon_event_rx/sync2" is loadless and has been removed.
 Loadless block
"cmp_xwrc_board_clbv2/cmp_board_common/cmp_xwr_core/WRPC/U_Endpoint/U_Wrapped_En
dpoint/rmon_event_rx/sync2" (FF) removed.
  The signal
"cmp_xwrc_board_clbv2/cmp_board_common/cmp_xwr_core/WRPC/U_Endpoint/U_Wrapped_En
dpoint/rmon_event_rx/sync1" is loadless and has been removed.
   Loadless block
"cmp_xwrc_board_clbv2/cmp_board_common/cmp_xwr_core/WRPC/U_Endpoint/U_Wrapped_En
dpoint/rmon_event_rx/sync1" (FF) removed.
    The signal
"cmp_xwrc_board_clbv2/cmp_board_common/cmp_xwr_core/WRPC/U_Endpoint/U_Wrapped_En
dpoint/rmon_event_rx/sync0" is loadless and has been removed.
     Loadless block
"cmp_xwrc_board_clbv2/cmp_board_common/cmp_xwr_core/WRPC/U_Endpoint/U_Wrapped_En
dpoint/rmon_event_rx/sync0" (FF) removed.
The signal
"cmp_xwrc_board_clbv2/cmp_board_common/cmp_xwr_core/WRPC/U_Endpoint/U_Wrapped_En
dpoint/rmon_event_tx/sync2" is loadless and has been removed.
 Loadless block
"cmp_xwrc_board_clbv2/cmp_board_common/cmp_xwr_core/WRPC/U_Endpoint/U_Wrapped_En
dpoint/rmon_event_tx/sync2" (FF) removed.
  The signal
"cmp_xwrc_board_clbv2/cmp_board_common/cmp_xwr_core/WRPC/U_Endpoint/U_Wrapped_En
dpoint/rmon_event_tx/sync1" is loadless and has been removed.
   Loadless block
"cmp_xwrc_board_clbv2/cmp_board_common/cmp_xwr_core/WRPC/U_Endpoint/U_Wrapped_En
dpoint/rmon_event_tx/sync1" (FF) removed.
    The signal
"cmp_xwrc_board_clbv2/cmp_board_common/cmp_xwr_core/WRPC/U_Endpoint/U_Wrapped_En
dpoint/rmon_event_tx/sync0" is loadless and has been removed.
     Loadless block
"cmp_xwrc_board_clbv2/cmp_board_common/cmp_xwr_core/WRPC/U_Endpoint/U_Wrapped_En
dpoint/rmon_event_tx/sync0" (FF) removed.
The signal
"cmp_xwrc_board_clbv2/cmp_board_common/cmp_xwr_core/WRPC/U_Endpoint/U_Wrapped_En
dpoint/U_Rx_Path/gen_with_match_buff.U_Sync_Rst_match_buff/sync2" is loadless
and has been removed.
 Loadless block
"cmp_xwrc_board_clbv2/cmp_board_common/cmp_xwr_core/WRPC/U_Endpoint/U_Wrapped_En
dpoint/U_Rx_Path/gen_with_match_buff.U_Sync_Rst_match_buff/sync2" (FF) removed.
The signal
"cmp_xwrc_board_clbv2/cmp_board_common/cmp_xwr_core/WRPC/U_Endpoint/U_Wrapped_En
dpoint/U_Rx_Path/gen_with_packet_filter.U_packet_filter/U_sync_pfcr0_enable/sync
2" is loadless and has been removed.
 Loadless block
"cmp_xwrc_board_clbv2/cmp_board_common/cmp_xwr_core/WRPC/U_Endpoint/U_Wrapped_En
dpoint/U_Rx_Path/gen_with_packet_filter.U_packet_filter/U_sync_pfcr0_enable/sync
2" (FF) removed.
The signal
"cmp_xwrc_board_clbv2/cmp_board_common/cmp_xwr_core/WRPC/U_Endpoint/U_Wrapped_En
dpoint/U_Rx_Path/U_Rx_Clock_Align_FIFO/U_FIFO/U_Inferred_FIFO/U_Sync_Empty/sync2
" is loadless and has been removed.
 Loadless block
"cmp_xwrc_board_clbv2/cmp_board_common/cmp_xwr_core/WRPC/U_Endpoint/U_Wrapped_En
dpoint/U_Rx_Path/U_Rx_Clock_Align_FIFO/U_FIFO/U_Inferred_FIFO/U_Sync_Empty/sync2
" (FF) removed.
  The signal
"cmp_xwrc_board_clbv2/cmp_board_common/cmp_xwr_core/WRPC/U_Endpoint/U_Wrapped_En
dpoint/U_Rx_Path/U_Rx_Clock_Align_FIFO/U_FIFO/U_Inferred_FIFO/U_Sync_Empty/sync1
" is loadless and has been removed.
   Loadless block
"cmp_xwrc_board_clbv2/cmp_board_common/cmp_xwr_core/WRPC/U_Endpoint/U_Wrapped_En
dpoint/U_Rx_Path/U_Rx_Clock_Align_FIFO/U_FIFO/U_Inferred_FIFO/U_Sync_Empty/sync1
" (FF) removed.
    The signal
"cmp_xwrc_board_clbv2/cmp_board_common/cmp_xwr_core/WRPC/U_Endpoint/U_Wrapped_En
dpoint/U_Rx_Path/U_Rx_Clock_Align_FIFO/U_FIFO/U_Inferred_FIFO/U_Sync_Empty/sync0
" is loadless and has been removed.
     Loadless block
"cmp_xwrc_board_clbv2/cmp_board_common/cmp_xwr_core/WRPC/U_Endpoint/U_Wrapped_En
dpoint/U_Rx_Path/U_Rx_Clock_Align_FIFO/U_FIFO/U_Inferred_FIFO/U_Sync_Empty/sync0
" (FF) removed.
The signal
"cmp_xwrc_board_clbv2/cmp_board_common/cmp_xwr_core/WRPC/U_Endpoint/U_Wrapped_En
dpoint/U_Rx_Path/U_Rx_Clock_Align_FIFO/U_FIFO/U_Inferred_FIFO/U_Sync_Full/sync2"
is loadless and has been removed.
 Loadless block
"cmp_xwrc_board_clbv2/cmp_board_common/cmp_xwr_core/WRPC/U_Endpoint/U_Wrapped_En
dpoint/U_Rx_Path/U_Rx_Clock_Align_FIFO/U_FIFO/U_Inferred_FIFO/U_Sync_Full/sync2"
(FF) removed.
  The signal
"cmp_xwrc_board_clbv2/cmp_board_common/cmp_xwr_core/WRPC/U_Endpoint/U_Wrapped_En
dpoint/U_Rx_Path/U_Rx_Clock_Align_FIFO/U_FIFO/U_Inferred_FIFO/U_Sync_Full/sync1"
is loadless and has been removed.
   Loadless block
"cmp_xwrc_board_clbv2/cmp_board_common/cmp_xwr_core/WRPC/U_Endpoint/U_Wrapped_En
dpoint/U_Rx_Path/U_Rx_Clock_Align_FIFO/U_FIFO/U_Inferred_FIFO/U_Sync_Full/sync1"
(FF) removed.
    The signal
"cmp_xwrc_board_clbv2/cmp_board_common/cmp_xwr_core/WRPC/U_Endpoint/U_Wrapped_En
dpoint/U_Rx_Path/U_Rx_Clock_Align_FIFO/U_FIFO/U_Inferred_FIFO/U_Sync_Full/sync0"
is loadless and has been removed.
     Loadless block
"cmp_xwrc_board_clbv2/cmp_board_common/cmp_xwr_core/WRPC/U_Endpoint/U_Wrapped_En
dpoint/U_Rx_Path/U_Rx_Clock_Align_FIFO/U_FIFO/U_Inferred_FIFO/U_Sync_Full/sync0"
(FF) removed.
The signal
"cmp_xwrc_board_clbv2/cmp_board_common/cmp_xwr_core/WRPC/U_Endpoint/U_Wrapped_En
dpoint/U_Rx_Path/U_Rx_Clock_Align_FIFO/U_FIFO/U_Inferred_FIFO/U_Sync_AlmostFull/
sync2" is loadless and has been removed.
 Loadless block
"cmp_xwrc_board_clbv2/cmp_board_common/cmp_xwr_core/WRPC/U_Endpoint/U_Wrapped_En
dpoint/U_Rx_Path/U_Rx_Clock_Align_FIFO/U_FIFO/U_Inferred_FIFO/U_Sync_AlmostFull/
sync2" (FF) removed.
  The signal
"cmp_xwrc_board_clbv2/cmp_board_common/cmp_xwr_core/WRPC/U_Endpoint/U_Wrapped_En
dpoint/U_Rx_Path/U_Rx_Clock_Align_FIFO/U_FIFO/U_Inferred_FIFO/U_Sync_AlmostFull/
sync1" is loadless and has been removed.
   Loadless block
"cmp_xwrc_board_clbv2/cmp_board_common/cmp_xwr_core/WRPC/U_Endpoint/U_Wrapped_En
dpoint/U_Rx_Path/U_Rx_Clock_Align_FIFO/U_FIFO/U_Inferred_FIFO/U_Sync_AlmostFull/
sync1" (FF) removed.
    The signal
"cmp_xwrc_board_clbv2/cmp_board_common/cmp_xwr_core/WRPC/U_Endpoint/U_Wrapped_En
dpoint/U_Rx_Path/U_Rx_Clock_Align_FIFO/U_FIFO/U_Inferred_FIFO/U_Sync_AlmostFull/
sync0" is loadless and has been removed.
     Loadless block
"cmp_xwrc_board_clbv2/cmp_board_common/cmp_xwr_core/WRPC/U_Endpoint/U_Wrapped_En
dpoint/U_Rx_Path/U_Rx_Clock_Align_FIFO/U_FIFO/U_Inferred_FIFO/U_Sync_AlmostFull/
sync0" (FF) removed.
The signal
"cmp_xwrc_board_clbv2/cmp_board_common/cmp_xwr_core/WRPC/U_Endpoint/U_Wrapped_En
dpoint/U_Rx_Path/U_Rx_Clock_Align_FIFO/U_FIFO/U_Inferred_FIFO/U_Sync_AlmostEmpty
/sync2" is loadless and has been removed.
 Loadless block
"cmp_xwrc_board_clbv2/cmp_board_common/cmp_xwr_core/WRPC/U_Endpoint/U_Wrapped_En
dpoint/U_Rx_Path/U_Rx_Clock_Align_FIFO/U_FIFO/U_Inferred_FIFO/U_Sync_AlmostEmpty
/sync2" (FF) removed.
  The signal
"cmp_xwrc_board_clbv2/cmp_board_common/cmp_xwr_core/WRPC/U_Endpoint/U_Wrapped_En
dpoint/U_Rx_Path/U_Rx_Clock_Align_FIFO/U_FIFO/U_Inferred_FIFO/U_Sync_AlmostEmpty
/sync1" is loadless and has been removed.
   Loadless block
"cmp_xwrc_board_clbv2/cmp_board_common/cmp_xwr_core/WRPC/U_Endpoint/U_Wrapped_En
dpoint/U_Rx_Path/U_Rx_Clock_Align_FIFO/U_FIFO/U_Inferred_FIFO/U_Sync_AlmostEmpty
/sync1" (FF) removed.
    The signal
"cmp_xwrc_board_clbv2/cmp_board_common/cmp_xwr_core/WRPC/U_Endpoint/U_Wrapped_En
dpoint/U_Rx_Path/U_Rx_Clock_Align_FIFO/U_FIFO/U_Inferred_FIFO/U_Sync_AlmostEmpty
/sync0" is loadless and has been removed.
     Loadless block
"cmp_xwrc_board_clbv2/cmp_board_common/cmp_xwr_core/WRPC/U_Endpoint/U_Wrapped_En
dpoint/U_Rx_Path/U_Rx_Clock_Align_FIFO/U_FIFO/U_Inferred_FIFO/U_Sync_AlmostEmpty
/sync0" (FF) removed.
      The signal
"cmp_xwrc_board_clbv2/cmp_board_common/cmp_xwr_core/WRPC/U_Endpoint/U_Wrapped_En
dpoint/U_Rx_Path/U_Rx_Clock_Align_FIFO/U_FIFO/U_Inferred_FIFO/U_Sync_AlmostEmpty
/data_i" is loadless and has been removed.
       Loadless block
"cmp_xwrc_board_clbv2/cmp_board_common/cmp_xwr_core/WRPC/U_Endpoint/U_Wrapped_En
dpoint/U_Rx_Path/U_Rx_Clock_Align_FIFO/U_FIFO/U_Inferred_FIFO/almost_empty_int"
(FF) removed.
        The signal
"cmp_xwrc_board_clbv2/cmp_board_common/cmp_xwr_core/WRPC/U_Endpoint/U_Wrapped_En
dpoint/U_Rx_Path/U_Rx_Clock_Align_FIFO/U_FIFO/U_Inferred_FIFO/rd_count[7]_GND_49
7_o_LessThan_26_o" is loadless and has been removed.
         Loadless block
"cmp_xwrc_board_clbv2/cmp_board_common/cmp_xwr_core/WRPC/U_Endpoint/U_Wrapped_En
dpoint/U_Rx_Path/U_Rx_Clock_Align_FIFO/U_FIFO/U_Inferred_FIFO/rd_count[7]_GND_49
7_o_LessThan_26_o1" (ROM) removed.
          The signal
"cmp_xwrc_board_clbv2/cmp_board_common/cmp_xwr_core/WRPC/U_Endpoint/U_Wrapped_En
dpoint/U_Rx_Path/U_Rx_Clock_Align_FIFO/U_FIFO/U_Inferred_FIFO/rd_count<1>" is
loadless and has been removed.
           Loadless block
"cmp_xwrc_board_clbv2/cmp_board_common/cmp_xwr_core/WRPC/U_Endpoint/U_Wrapped_En
dpoint/U_Rx_Path/U_Rx_Clock_Align_FIFO/U_FIFO/U_Inferred_FIFO/rd_count_1" (FF)
removed.
            The signal
"cmp_xwrc_board_clbv2/cmp_board_common/cmp_xwr_core/WRPC/U_Endpoint/U_Wrapped_En
dpoint/U_Rx_Path/U_Rx_Clock_Align_FIFO/U_FIFO/U_Inferred_FIFO/GND_497_o_GND_497_
o_sub_25_OUT<1>" is loadless and has been removed.
             Loadless block
"cmp_xwrc_board_clbv2/cmp_board_common/cmp_xwr_core/WRPC/U_Endpoint/U_Wrapped_En
dpoint/U_Rx_Path/U_Rx_Clock_Align_FIFO/U_FIFO/U_Inferred_FIFO/Msub_GND_497_o_GND
_497_o_sub_25_OUT<7:0>_xor<1>" (XOR) removed.
              The signal
"cmp_xwrc_board_clbv2/cmp_board_common/cmp_xwr_core/WRPC/U_Endpoint/U_Wrapped_En
dpoint/U_Rx_Path/U_Rx_Clock_Align_FIFO/U_FIFO/U_Inferred_FIFO/Msub_GND_497_o_GND
_497_o_sub_25_OUT<7:0>_cy<0>" is loadless and has been removed.
               Loadless block
"cmp_xwrc_board_clbv2/cmp_board_common/cmp_xwr_core/WRPC/U_Endpoint/U_Wrapped_En
dpoint/U_Rx_Path/U_Rx_Clock_Align_FIFO/U_FIFO/U_Inferred_FIFO/Msub_GND_497_o_GND
_497_o_sub_25_OUT<7:0>_cy<0>" (MUX) removed.
                The signal
"cmp_xwrc_board_clbv2/cmp_board_common/cmp_xwr_core/WRPC/U_Endpoint/U_Wrapped_En
dpoint/U_Rx_Path/U_Rx_Clock_Align_FIFO/U_FIFO/U_Inferred_FIFO/wcb_bin_x<0>" is
loadless and has been removed.
                 Loadless block
"cmp_xwrc_board_clbv2/cmp_board_common/cmp_xwr_core/WRPC/U_Endpoint/U_Wrapped_En
dpoint/U_Rx_Path/U_Rx_Clock_Align_FIFO/U_FIFO/U_Inferred_FIFO/Mxor_wcb_bin_x<0>_
xo<0>1" (ROM) removed.
                  The signal
"cmp_xwrc_board_clbv2/cmp_board_common/cmp_xwr_core/WRPC/U_Endpoint/U_Wrapped_En
dpoint/U_Rx_Path/U_Rx_Clock_Align_FIFO/U_FIFO/U_Inferred_FIFO/_n0179" is
loadless and has been removed.
                   Loadless block
"cmp_xwrc_board_clbv2/cmp_board_common/cmp_xwr_core/WRPC/U_Endpoint/U_Wrapped_En
dpoint/U_Rx_Path/U_Rx_Clock_Align_FIFO/U_FIFO/U_Inferred_FIFO/Mxor__n0179_xo<0>1
" (ROM) removed.
                The signal
"cmp_xwrc_board_clbv2/cmp_board_common/cmp_xwr_core/WRPC/U_Endpoint/U_Wrapped_En
dpoint/U_Rx_Path/U_Rx_Clock_Align_FIFO/U_FIFO/U_Inferred_FIFO/Msub_GND_497_o_GND
_497_o_sub_25_OUT<7:0>_lut<0>" is loadless and has been removed.
                 Loadless block
"cmp_xwrc_board_clbv2/cmp_board_common/cmp_xwr_core/WRPC/U_Endpoint/U_Wrapped_En
dpoint/U_Rx_Path/U_Rx_Clock_Align_FIFO/U_FIFO/U_Inferred_FIFO/Msub_GND_497_o_GND
_497_o_sub_25_OUT<7:0>_lut<0>" (ROM) removed.
              The signal
"cmp_xwrc_board_clbv2/cmp_board_common/cmp_xwr_core/WRPC/U_Endpoint/U_Wrapped_En
dpoint/U_Rx_Path/U_Rx_Clock_Align_FIFO/U_FIFO/U_Inferred_FIFO/Msub_GND_497_o_GND
_497_o_sub_25_OUT<7:0>_lut<1>" is loadless and has been removed.
               Loadless block
"cmp_xwrc_board_clbv2/cmp_board_common/cmp_xwr_core/WRPC/U_Endpoint/U_Wrapped_En
dpoint/U_Rx_Path/U_Rx_Clock_Align_FIFO/U_FIFO/U_Inferred_FIFO/Msub_GND_497_o_GND
_497_o_sub_25_OUT<7:0>_lut<1>" (ROM) removed.
          The signal
"cmp_xwrc_board_clbv2/cmp_board_common/cmp_xwr_core/WRPC/U_Endpoint/U_Wrapped_En
dpoint/U_Rx_Path/U_Rx_Clock_Align_FIFO/U_FIFO/U_Inferred_FIFO/rd_count<0>" is
loadless and has been removed.
           Loadless block
"cmp_xwrc_board_clbv2/cmp_board_common/cmp_xwr_core/WRPC/U_Endpoint/U_Wrapped_En
dpoint/U_Rx_Path/U_Rx_Clock_Align_FIFO/U_FIFO/U_Inferred_FIFO/rd_count_0" (FF)
removed.
            The signal
"cmp_xwrc_board_clbv2/cmp_board_common/cmp_xwr_core/WRPC/U_Endpoint/U_Wrapped_En
dpoint/U_Rx_Path/U_Rx_Clock_Align_FIFO/U_FIFO/U_Inferred_FIFO/GND_497_o_GND_497_
o_sub_25_OUT<0>" is loadless and has been removed.
             Loadless block
"cmp_xwrc_board_clbv2/cmp_board_common/cmp_xwr_core/WRPC/U_Endpoint/U_Wrapped_En
dpoint/U_Rx_Path/U_Rx_Clock_Align_FIFO/U_FIFO/U_Inferred_FIFO/Msub_GND_497_o_GND
_497_o_sub_25_OUT<7:0>_xor<0>" (XOR) removed.
          The signal
"cmp_xwrc_board_clbv2/cmp_board_common/cmp_xwr_core/WRPC/U_Endpoint/U_Wrapped_En
dpoint/U_Rx_Path/U_Rx_Clock_Align_FIFO/U_FIFO/U_Inferred_FIFO/rd_count<2>" is
loadless and has been removed.
           Loadless block
"cmp_xwrc_board_clbv2/cmp_board_common/cmp_xwr_core/WRPC/U_Endpoint/U_Wrapped_En
dpoint/U_Rx_Path/U_Rx_Clock_Align_FIFO/U_FIFO/U_Inferred_FIFO/rd_count_2" (FF)
removed.
            The signal
"cmp_xwrc_board_clbv2/cmp_board_common/cmp_xwr_core/WRPC/U_Endpoint/U_Wrapped_En
dpoint/U_Rx_Path/U_Rx_Clock_Align_FIFO/U_FIFO/U_Inferred_FIFO/GND_497_o_GND_497_
o_sub_25_OUT<2>" is loadless and has been removed.
             Loadless block
"cmp_xwrc_board_clbv2/cmp_board_common/cmp_xwr_core/WRPC/U_Endpoint/U_Wrapped_En
dpoint/U_Rx_Path/U_Rx_Clock_Align_FIFO/U_FIFO/U_Inferred_FIFO/Msub_GND_497_o_GND
_497_o_sub_25_OUT<7:0>_xor<2>" (XOR) removed.
              The signal
"cmp_xwrc_board_clbv2/cmp_board_common/cmp_xwr_core/WRPC/U_Endpoint/U_Wrapped_En
dpoint/U_Rx_Path/U_Rx_Clock_Align_FIFO/U_FIFO/U_Inferred_FIFO/Msub_GND_497_o_GND
_497_o_sub_25_OUT<7:0>_cy<1>" is loadless and has been removed.
               Loadless block
"cmp_xwrc_board_clbv2/cmp_board_common/cmp_xwr_core/WRPC/U_Endpoint/U_Wrapped_En
dpoint/U_Rx_Path/U_Rx_Clock_Align_FIFO/U_FIFO/U_Inferred_FIFO/Msub_GND_497_o_GND
_497_o_sub_25_OUT<7:0>_cy<1>" (MUX) removed.
                The signal
"cmp_xwrc_board_clbv2/cmp_board_common/cmp_xwr_core/WRPC/U_Endpoint/U_Wrapped_En
dpoint/U_Rx_Path/U_Rx_Clock_Align_FIFO/U_FIFO/U_Inferred_FIFO/wcb_bin_x<1>" is
loadless and has been removed.
                 Loadless block
"cmp_xwrc_board_clbv2/cmp_board_common/cmp_xwr_core/WRPC/U_Endpoint/U_Wrapped_En
dpoint/U_Rx_Path/U_Rx_Clock_Align_FIFO/U_FIFO/U_Inferred_FIFO/Mxor_wcb_bin_x<1>_
xo<0>1" (ROM) removed.
              The signal
"cmp_xwrc_board_clbv2/cmp_board_common/cmp_xwr_core/WRPC/U_Endpoint/U_Wrapped_En
dpoint/U_Rx_Path/U_Rx_Clock_Align_FIFO/U_FIFO/U_Inferred_FIFO/Msub_GND_497_o_GND
_497_o_sub_25_OUT<7:0>_lut<2>" is loadless and has been removed.
               Loadless block
"cmp_xwrc_board_clbv2/cmp_board_common/cmp_xwr_core/WRPC/U_Endpoint/U_Wrapped_En
dpoint/U_Rx_Path/U_Rx_Clock_Align_FIFO/U_FIFO/U_Inferred_FIFO/Msub_GND_497_o_GND
_497_o_sub_25_OUT<7:0>_lut<2>" (ROM) removed.
          The signal
"cmp_xwrc_board_clbv2/cmp_board_common/cmp_xwr_core/WRPC/U_Endpoint/U_Wrapped_En
dpoint/U_Rx_Path/U_Rx_Clock_Align_FIFO/U_FIFO/U_Inferred_FIFO/rd_count<3>" is
loadless and has been removed.
           Loadless block
"cmp_xwrc_board_clbv2/cmp_board_common/cmp_xwr_core/WRPC/U_Endpoint/U_Wrapped_En
dpoint/U_Rx_Path/U_Rx_Clock_Align_FIFO/U_FIFO/U_Inferred_FIFO/rd_count_3" (FF)
removed.
            The signal
"cmp_xwrc_board_clbv2/cmp_board_common/cmp_xwr_core/WRPC/U_Endpoint/U_Wrapped_En
dpoint/U_Rx_Path/U_Rx_Clock_Align_FIFO/U_FIFO/U_Inferred_FIFO/GND_497_o_GND_497_
o_sub_25_OUT<3>" is loadless and has been removed.
             Loadless block
"cmp_xwrc_board_clbv2/cmp_board_common/cmp_xwr_core/WRPC/U_Endpoint/U_Wrapped_En
dpoint/U_Rx_Path/U_Rx_Clock_Align_FIFO/U_FIFO/U_Inferred_FIFO/Msub_GND_497_o_GND
_497_o_sub_25_OUT<7:0>_xor<3>" (XOR) removed.
              The signal
"cmp_xwrc_board_clbv2/cmp_board_common/cmp_xwr_core/WRPC/U_Endpoint/U_Wrapped_En
dpoint/U_Rx_Path/U_Rx_Clock_Align_FIFO/U_FIFO/U_Inferred_FIFO/Msub_GND_497_o_GND
_497_o_sub_25_OUT<7:0>_cy<2>" is loadless and has been removed.
               Loadless block
"cmp_xwrc_board_clbv2/cmp_board_common/cmp_xwr_core/WRPC/U_Endpoint/U_Wrapped_En
dpoint/U_Rx_Path/U_Rx_Clock_Align_FIFO/U_FIFO/U_Inferred_FIFO/Msub_GND_497_o_GND
_497_o_sub_25_OUT<7:0>_cy<2>" (MUX) removed.
                The signal
"cmp_xwrc_board_clbv2/cmp_board_common/cmp_xwr_core/WRPC/U_Endpoint/U_Wrapped_En
dpoint/U_Rx_Path/U_Rx_Clock_Align_FIFO/U_FIFO/U_Inferred_FIFO/_n0181" is
loadless and has been removed.
                 Loadless block
"cmp_xwrc_board_clbv2/cmp_board_common/cmp_xwr_core/WRPC/U_Endpoint/U_Wrapped_En
dpoint/U_Rx_Path/U_Rx_Clock_Align_FIFO/U_FIFO/U_Inferred_FIFO/Mxor__n0181_xo<0>1
" (ROM) removed.
              The signal
"cmp_xwrc_board_clbv2/cmp_board_common/cmp_xwr_core/WRPC/U_Endpoint/U_Wrapped_En
dpoint/U_Rx_Path/U_Rx_Clock_Align_FIFO/U_FIFO/U_Inferred_FIFO/Msub_GND_497_o_GND
_497_o_sub_25_OUT<7:0>_lut<3>" is loadless and has been removed.
               Loadless block
"cmp_xwrc_board_clbv2/cmp_board_common/cmp_xwr_core/WRPC/U_Endpoint/U_Wrapped_En
dpoint/U_Rx_Path/U_Rx_Clock_Align_FIFO/U_FIFO/U_Inferred_FIFO/Msub_GND_497_o_GND
_497_o_sub_25_OUT<7:0>_lut<3>" (ROM) removed.
          The signal
"cmp_xwrc_board_clbv2/cmp_board_common/cmp_xwr_core/WRPC/U_Endpoint/U_Wrapped_En
dpoint/U_Rx_Path/U_Rx_Clock_Align_FIFO/U_FIFO/U_Inferred_FIFO/rd_count<4>" is
loadless and has been removed.
           Loadless block
"cmp_xwrc_board_clbv2/cmp_board_common/cmp_xwr_core/WRPC/U_Endpoint/U_Wrapped_En
dpoint/U_Rx_Path/U_Rx_Clock_Align_FIFO/U_FIFO/U_Inferred_FIFO/rd_count_4" (FF)
removed.
            The signal
"cmp_xwrc_board_clbv2/cmp_board_common/cmp_xwr_core/WRPC/U_Endpoint/U_Wrapped_En
dpoint/U_Rx_Path/U_Rx_Clock_Align_FIFO/U_FIFO/U_Inferred_FIFO/GND_497_o_GND_497_
o_sub_25_OUT<4>" is loadless and has been removed.
             Loadless block
"cmp_xwrc_board_clbv2/cmp_board_common/cmp_xwr_core/WRPC/U_Endpoint/U_Wrapped_En
dpoint/U_Rx_Path/U_Rx_Clock_Align_FIFO/U_FIFO/U_Inferred_FIFO/Msub_GND_497_o_GND
_497_o_sub_25_OUT<7:0>_xor<4>" (XOR) removed.
              The signal
"cmp_xwrc_board_clbv2/cmp_board_common/cmp_xwr_core/WRPC/U_Endpoint/U_Wrapped_En
dpoint/U_Rx_Path/U_Rx_Clock_Align_FIFO/U_FIFO/U_Inferred_FIFO/Msub_GND_497_o_GND
_497_o_sub_25_OUT<7:0>_cy<3>" is loadless and has been removed.
               Loadless block
"cmp_xwrc_board_clbv2/cmp_board_common/cmp_xwr_core/WRPC/U_Endpoint/U_Wrapped_En
dpoint/U_Rx_Path/U_Rx_Clock_Align_FIFO/U_FIFO/U_Inferred_FIFO/Msub_GND_497_o_GND
_497_o_sub_25_OUT<7:0>_cy<3>" (MUX) removed.
                The signal
"cmp_xwrc_board_clbv2/cmp_board_common/cmp_xwr_core/WRPC/U_Endpoint/U_Wrapped_En
dpoint/U_Rx_Path/U_Rx_Clock_Align_FIFO/U_FIFO/U_Inferred_FIFO/_n0180" is
loadless and has been removed.
                 Loadless block
"cmp_xwrc_board_clbv2/cmp_board_common/cmp_xwr_core/WRPC/U_Endpoint/U_Wrapped_En
dpoint/U_Rx_Path/U_Rx_Clock_Align_FIFO/U_FIFO/U_Inferred_FIFO/Mxor__n0180_xo<0>1
" (ROM) removed.
              The signal
"cmp_xwrc_board_clbv2/cmp_board_common/cmp_xwr_core/WRPC/U_Endpoint/U_Wrapped_En
dpoint/U_Rx_Path/U_Rx_Clock_Align_FIFO/U_FIFO/U_Inferred_FIFO/Msub_GND_497_o_GND
_497_o_sub_25_OUT<7:0>_lut<4>" is loadless and has been removed.
               Loadless block
"cmp_xwrc_board_clbv2/cmp_board_common/cmp_xwr_core/WRPC/U_Endpoint/U_Wrapped_En
dpoint/U_Rx_Path/U_Rx_Clock_Align_FIFO/U_FIFO/U_Inferred_FIFO/Msub_GND_497_o_GND
_497_o_sub_25_OUT<7:0>_lut<4>" (ROM) removed.
          The signal "N235" is loadless and has been removed.
           Loadless block
"cmp_xwrc_board_clbv2/cmp_board_common/cmp_xwr_core/WRPC/U_Endpoint/U_Wrapped_En
dpoint/U_Rx_Path/U_Rx_Clock_Align_FIFO/U_FIFO/U_Inferred_FIFO/rd_count[7]_GND_49
7_o_LessThan_26_o1_SW0" (ROM) removed.
            The signal
"cmp_xwrc_board_clbv2/cmp_board_common/cmp_xwr_core/WRPC/U_Endpoint/U_Wrapped_En
dpoint/U_Rx_Path/U_Rx_Clock_Align_FIFO/U_FIFO/U_Inferred_FIFO/rd_count<7>" is
loadless and has been removed.
             Loadless block
"cmp_xwrc_board_clbv2/cmp_board_common/cmp_xwr_core/WRPC/U_Endpoint/U_Wrapped_En
dpoint/U_Rx_Path/U_Rx_Clock_Align_FIFO/U_FIFO/U_Inferred_FIFO/rd_count_7" (FF)
removed.
              The signal
"cmp_xwrc_board_clbv2/cmp_board_common/cmp_xwr_core/WRPC/U_Endpoint/U_Wrapped_En
dpoint/U_Rx_Path/U_Rx_Clock_Align_FIFO/U_FIFO/U_Inferred_FIFO/GND_497_o_GND_497_
o_sub_25_OUT<7>" is loadless and has been removed.
               Loadless block
"cmp_xwrc_board_clbv2/cmp_board_common/cmp_xwr_core/WRPC/U_Endpoint/U_Wrapped_En
dpoint/U_Rx_Path/U_Rx_Clock_Align_FIFO/U_FIFO/U_Inferred_FIFO/Msub_GND_497_o_GND
_497_o_sub_25_OUT<7:0>_xor<7>" (XOR) removed.
                The signal
"cmp_xwrc_board_clbv2/cmp_board_common/cmp_xwr_core/WRPC/U_Endpoint/U_Wrapped_En
dpoint/U_Rx_Path/U_Rx_Clock_Align_FIFO/U_FIFO/U_Inferred_FIFO/Msub_GND_497_o_GND
_497_o_sub_25_OUT<7:0>_cy<6>" is loadless and has been removed.
                 Loadless block
"cmp_xwrc_board_clbv2/cmp_board_common/cmp_xwr_core/WRPC/U_Endpoint/U_Wrapped_En
dpoint/U_Rx_Path/U_Rx_Clock_Align_FIFO/U_FIFO/U_Inferred_FIFO/Msub_GND_497_o_GND
_497_o_sub_25_OUT<7:0>_cy<6>" (MUX) removed.
                  The signal
"cmp_xwrc_board_clbv2/cmp_board_common/cmp_xwr_core/WRPC/U_Endpoint/U_Wrapped_En
dpoint/U_Rx_Path/U_Rx_Clock_Align_FIFO/U_FIFO/U_Inferred_FIFO/Msub_GND_497_o_GND
_497_o_sub_25_OUT<7:0>_cy<5>" is loadless and has been removed.
                   Loadless block
"cmp_xwrc_board_clbv2/cmp_board_common/cmp_xwr_core/WRPC/U_Endpoint/U_Wrapped_En
dpoint/U_Rx_Path/U_Rx_Clock_Align_FIFO/U_FIFO/U_Inferred_FIFO/Msub_GND_497_o_GND
_497_o_sub_25_OUT<7:0>_cy<5>" (MUX) removed.
                    The signal
"cmp_xwrc_board_clbv2/cmp_board_common/cmp_xwr_core/WRPC/U_Endpoint/U_Wrapped_En
dpoint/U_Rx_Path/U_Rx_Clock_Align_FIFO/U_FIFO/U_Inferred_FIFO/Msub_GND_497_o_GND
_497_o_sub_25_OUT<7:0>_cy<4>" is loadless and has been removed.
                     Loadless block
"cmp_xwrc_board_clbv2/cmp_board_common/cmp_xwr_core/WRPC/U_Endpoint/U_Wrapped_En
dpoint/U_Rx_Path/U_Rx_Clock_Align_FIFO/U_FIFO/U_Inferred_FIFO/Msub_GND_497_o_GND
_497_o_sub_25_OUT<7:0>_cy<4>" (MUX) removed.
                    The signal
"cmp_xwrc_board_clbv2/cmp_board_common/cmp_xwr_core/WRPC/U_Endpoint/U_Wrapped_En
dpoint/U_Rx_Path/U_Rx_Clock_Align_FIFO/U_FIFO/U_Inferred_FIFO/_n0178" is
loadless and has been removed.
                     Loadless block
"cmp_xwrc_board_clbv2/cmp_board_common/cmp_xwr_core/WRPC/U_Endpoint/U_Wrapped_En
dpoint/U_Rx_Path/U_Rx_Clock_Align_FIFO/U_FIFO/U_Inferred_FIFO/Mxor__n0178_xo<0>1
" (ROM) removed.
                    The signal
"cmp_xwrc_board_clbv2/cmp_board_common/cmp_xwr_core/WRPC/U_Endpoint/U_Wrapped_En
dpoint/U_Rx_Path/U_Rx_Clock_Align_FIFO/U_FIFO/U_Inferred_FIFO/Msub_GND_497_o_GND
_497_o_sub_25_OUT<7:0>_lut<5>" is loadless and has been removed.
                     Loadless block
"cmp_xwrc_board_clbv2/cmp_board_common/cmp_xwr_core/WRPC/U_Endpoint/U_Wrapped_En
dpoint/U_Rx_Path/U_Rx_Clock_Align_FIFO/U_FIFO/U_Inferred_FIFO/Msub_GND_497_o_GND
_497_o_sub_25_OUT<7:0>_lut<5>" (ROM) removed.
                  The signal
"cmp_xwrc_board_clbv2/cmp_board_common/cmp_xwr_core/WRPC/U_Endpoint/U_Wrapped_En
dpoint/U_Rx_Path/U_Rx_Clock_Align_FIFO/U_FIFO/U_Inferred_FIFO/wcb_bin_x<6>" is
loadless and has been removed.
                   Loadless block
"cmp_xwrc_board_clbv2/cmp_board_common/cmp_xwr_core/WRPC/U_Endpoint/U_Wrapped_En
dpoint/U_Rx_Path/U_Rx_Clock_Align_FIFO/U_FIFO/U_Inferred_FIFO/Mxor_wcb_bin_x<6>_
xo<0>1" (ROM) removed.
                  The signal
"cmp_xwrc_board_clbv2/cmp_board_common/cmp_xwr_core/WRPC/U_Endpoint/U_Wrapped_En
dpoint/U_Rx_Path/U_Rx_Clock_Align_FIFO/U_FIFO/U_Inferred_FIFO/Msub_GND_497_o_GND
_497_o_sub_25_OUT<7:0>_lut<6>" is loadless and has been removed.
                   Loadless block
"cmp_xwrc_board_clbv2/cmp_board_common/cmp_xwr_core/WRPC/U_Endpoint/U_Wrapped_En
dpoint/U_Rx_Path/U_Rx_Clock_Align_FIFO/U_FIFO/U_Inferred_FIFO/Msub_GND_497_o_GND
_497_o_sub_25_OUT<7:0>_lut<6>" (ROM) removed.
                The signal
"cmp_xwrc_board_clbv2/cmp_board_common/cmp_xwr_core/WRPC/U_Endpoint/U_Wrapped_En
dpoint/U_Rx_Path/U_Rx_Clock_Align_FIFO/U_FIFO/U_Inferred_FIFO/Msub_GND_497_o_GND
_497_o_sub_25_OUT<7:0>_lut<7>" is loadless and has been removed.
                 Loadless block
"cmp_xwrc_board_clbv2/cmp_board_common/cmp_xwr_core/WRPC/U_Endpoint/U_Wrapped_En
dpoint/U_Rx_Path/U_Rx_Clock_Align_FIFO/U_FIFO/U_Inferred_FIFO/Msub_GND_497_o_GND
_497_o_sub_25_OUT<7:0>_lut<7>" (ROM) removed.
            The signal
"cmp_xwrc_board_clbv2/cmp_board_common/cmp_xwr_core/WRPC/U_Endpoint/U_Wrapped_En
dpoint/U_Rx_Path/U_Rx_Clock_Align_FIFO/U_FIFO/U_Inferred_FIFO/rd_count<6>" is
loadless and has been removed.
             Loadless block
"cmp_xwrc_board_clbv2/cmp_board_common/cmp_xwr_core/WRPC/U_Endpoint/U_Wrapped_En
dpoint/U_Rx_Path/U_Rx_Clock_Align_FIFO/U_FIFO/U_Inferred_FIFO/rd_count_6" (FF)
removed.
              The signal
"cmp_xwrc_board_clbv2/cmp_board_common/cmp_xwr_core/WRPC/U_Endpoint/U_Wrapped_En
dpoint/U_Rx_Path/U_Rx_Clock_Align_FIFO/U_FIFO/U_Inferred_FIFO/GND_497_o_GND_497_
o_sub_25_OUT<6>" is loadless and has been removed.
               Loadless block
"cmp_xwrc_board_clbv2/cmp_board_common/cmp_xwr_core/WRPC/U_Endpoint/U_Wrapped_En
dpoint/U_Rx_Path/U_Rx_Clock_Align_FIFO/U_FIFO/U_Inferred_FIFO/Msub_GND_497_o_GND
_497_o_sub_25_OUT<7:0>_xor<6>" (XOR) removed.
            The signal
"cmp_xwrc_board_clbv2/cmp_board_common/cmp_xwr_core/WRPC/U_Endpoint/U_Wrapped_En
dpoint/U_Rx_Path/U_Rx_Clock_Align_FIFO/U_FIFO/U_Inferred_FIFO/rd_count<5>" is
loadless and has been removed.
             Loadless block
"cmp_xwrc_board_clbv2/cmp_board_common/cmp_xwr_core/WRPC/U_Endpoint/U_Wrapped_En
dpoint/U_Rx_Path/U_Rx_Clock_Align_FIFO/U_FIFO/U_Inferred_FIFO/rd_count_5" (FF)
removed.
              The signal
"cmp_xwrc_board_clbv2/cmp_board_common/cmp_xwr_core/WRPC/U_Endpoint/U_Wrapped_En
dpoint/U_Rx_Path/U_Rx_Clock_Align_FIFO/U_FIFO/U_Inferred_FIFO/GND_497_o_GND_497_
o_sub_25_OUT<5>" is loadless and has been removed.
               Loadless block
"cmp_xwrc_board_clbv2/cmp_board_common/cmp_xwr_core/WRPC/U_Endpoint/U_Wrapped_En
dpoint/U_Rx_Path/U_Rx_Clock_Align_FIFO/U_FIFO/U_Inferred_FIFO/Msub_GND_497_o_GND
_497_o_sub_25_OUT<7:0>_xor<5>" (XOR) removed.
The signal
"cmp_xwrc_board_clbv2/cmp_board_common/cmp_xwr_core/WRPC/U_SOFTPLL/U_Wrapped_Sof
tpll/gen_with_ext_clock_input.U_DMTD_EXT/U_Sync_Resync_Pulse/sync2" is loadless
and has been removed.
 Loadless block
"cmp_xwrc_board_clbv2/cmp_board_common/cmp_xwr_core/WRPC/U_SOFTPLL/U_Wrapped_Sof
tpll/gen_with_ext_clock_input.U_DMTD_EXT/U_Sync_Resync_Pulse/sync2" (FF)
removed.
The signal
"cmp_xwrc_board_clbv2/cmp_board_common/cmp_xwr_core/WRPC/U_SOFTPLL/U_Wrapped_Sof
tpll/gen_feedback_dmtds[0].DMTD_FB/U_Sync_Resync_Pulse/sync2" is loadless and
has been removed.
 Loadless block
"cmp_xwrc_board_clbv2/cmp_board_common/cmp_xwr_core/WRPC/U_SOFTPLL/U_Wrapped_Sof
tpll/gen_feedback_dmtds[0].DMTD_FB/U_Sync_Resync_Pulse/sync2" (FF) removed.
The signal
"cmp_xwrc_board_clbv2/cmp_board_common/cmp_xwr_core/WRPC/U_SOFTPLL/U_Wrapped_Sof
tpll/gen_ref_dmtds[0].DMTD_REF/U_Sync_Resync_Pulse/sync2" is loadless and has
been removed.
 Loadless block
"cmp_xwrc_board_clbv2/cmp_board_common/cmp_xwr_core/WRPC/U_SOFTPLL/U_Wrapped_Sof
tpll/gen_ref_dmtds[0].DMTD_REF/U_Sync_Resync_Pulse/sync2" (FF) removed.

Optimized Block(s):
TYPE 		BLOCK
GND 		XST_GND
VCC 		XST_VCC

To enable printing of redundant blocks removed and signals merged, set the
detailed map report option and rerun map.

Section 6 - IOB Properties
--------------------------

+---------------------------------------------------------------------------------------------------------------------------------------------------------+
| IOB Name                           | Type             | Direction | IO Standard          | Diff  | Drive    | Slew | Reg (s)      | Resistor | IOB      |
|                                    |                  |           |                      | Term  | Strength | Rate |              |          | Delay    |
+---------------------------------------------------------------------------------------------------------------------------------------------------------+
| abscal_rx_o                        | IOB33            | OUTPUT    | LVCMOS33             |       | 12       | SLOW |              |          |          |
| abscal_tx_o                        | IOB33            | OUTPUT    | LVCMOS33             |       | 12       | SLOW |              |          |          |
| clk_10m_sys_o                      | IOB33            | OUTPUT    | LVCMOS33             |       | 12       | SLOW |              |          |          |
| clk_125m_gtx_n_i                   | IPAD             | INPUT     |                      |       |          |      |              |          |          |
| clk_125m_gtx_p_i                   | IPAD             | INPUT     |                      |       |          |      |              |          |          |
| clk_20m_vcxo_i                     | IOB33            | INPUT     | LVCMOS33             |       |          |      |              |          |          |
| dio_clk_n_i                        | IOB18            | INPUT     | LVDS                 | TRUE  |          |      |              |          |          |
| dio_clk_p_i                        | IOB18            | INPUT     | LVDS                 | TRUE  |          |      |              |          |          |
| eeprom_scl_b                       | IOB33            | BIDIR     | LVCMOS33             |       | 12       | SLOW |              |          |          |
| eeprom_sda_b                       | IOB33            | BIDIR     | LVCMOS33             |       | 12       | SLOW |              |          |          |
| led_act_o                          | IOB33            | OUTPUT    | LVCMOS33             |       | 12       | SLOW |              |          |          |
| led_link_o                         | IOB33            | OUTPUT    | LVCMOS33             |       | 12       | SLOW |              |          |          |
| led_o                              | IOB33            | OUTPUT    | LVCMOS33             |       | 12       | SLOW |              |          |          |
| onewire_b                          | IOB33            | BIDIR     | LVCMOS33             |       | 12       | SLOW |              |          |          |
| pll20dac_cs_n_o                    | IOB33            | OUTPUT    | LVCMOS33             |       | 12       | SLOW |              |          |          |
| pll25dac_cs_n_o                    | IOB33            | OUTPUT    | LVCMOS33             |       | 12       | SLOW |              |          |          |
| plldac_din_o                       | IOB33            | OUTPUT    | LVCMOS33             |       | 12       | SLOW |              |          |          |
| plldac_sclk_o                      | IOB33            | OUTPUT    | LVCMOS33             |       | 12       | SLOW |              |          |          |
| pps_i                              | IOB33            | INPUT     | LVCMOS33             |       |          |      |              |          |          |
| pps_o                              | IOB33            | OUTPUT    | LVCMOS33             |       | 12       | SLOW |              |          |          |
| reset_i                            | IOB33            | INPUT     | LVCMOS33             |       |          |      |              | PULLDOWN |          |
| sfp_los_i                          | IOB33            | INPUT     | LVCMOS33             |       |          |      |              |          |          |
| sfp_mod_def0_i                     | IOB33            | INPUT     | LVCMOS33             |       |          |      |              | PULLDOWN |          |
| sfp_mod_def1_b                     | IOB33            | BIDIR     | LVCMOS33             |       | 12       | SLOW |              |          |          |
| sfp_mod_def2_b                     | IOB33            | BIDIR     | LVCMOS33             |       | 12       | SLOW |              |          |          |
| sfp_rate_select_o                  | IOB33            | OUTPUT    | LVCMOS33             |       | 12       | SLOW |              |          |          |
| sfp_rxn_i                          | IPAD             | INPUT     |                      |       |          |      |              |          |          |
| sfp_rxp_i                          | IPAD             | INPUT     |                      |       |          |      |              |          |          |
| sfp_tx_disable_o                   | IOB33            | OUTPUT    | LVCMOS33             |       | 12       | SLOW |              |          |          |
| sfp_tx_fault_i                     | IOB33            | INPUT     | LVCMOS33             |       |          |      |              | PULLUP   |          |
| sfp_txn_o                          | OPAD             | OUTPUT    |                      |       |          |      |              |          |          |
| sfp_txp_o                          | OPAD             | OUTPUT    |                      |       |          |      |              |          |          |
| spi_miso_i                         | IOB33            | INPUT     | LVCMOS33             |       |          |      |              |          |          |
| spi_mosi_o                         | IOB33            | OUTPUT    | LVCMOS33             |       | 12       | SLOW |              |          |          |
| spi_ncs_o                          | IOB33            | OUTPUT    | LVCMOS33             |       | 12       | SLOW |              |          |          |
| uart_rxd_i                         | IOB33            | INPUT     | LVCMOS33             |       |          |      |              | PULLDOWN |          |
| uart_txd_o                         | IOB33            | OUTPUT    | LVCMOS33             |       | 12       | SLOW |              |          |          |
+---------------------------------------------------------------------------------------------------------------------------------------------------------+

Section 7 - RPMs
----------------

Section 8 - Guide Report
------------------------
Guide not run on this design.

Section 9 - Area Group and Partition Summary
--------------------------------------------

Partition Implementation Status
-------------------------------

  No Partitions were found in this design.

-------------------------------

Area Group Information
----------------------

  No area groups were found in this design.

----------------------

Section 10 - Timing Report
--------------------------
A logic-level (pre-route) timing report can be generated by using Xilinx static
timing analysis tools, Timing Analyzer (GUI) or TRCE (command line), with the
mapped NCD and PCF files. Please note that this timing report will be generated
using estimated delay information. For accurate numbers, please generate a
timing report with the post Place and Route NCD file.

For more information about the Timing Analyzer, consult the Xilinx Timing
Analyzer Reference Manual; for more information about TRCE, consult the Xilinx
Command Line Tools User Guide "TRACE" chapter.

Section 11 - Configuration String Details
-----------------------------------------
Use the "-detail" map option to print out Configuration Strings

Section 12 - Control Set Information
------------------------------------
Use the "-detail" map option to print out Control Set Information.

Section 13 - Utilization by Hierarchy
-------------------------------------
Use the "-detail" map option to print out the Utilization by Hierarchy section.
